2020-04-15 17:17:00,838 :INFO :utilis.BaseClass: Entering Name: 
2020-04-15 17:17:01,025 :INFO :utilis.BaseClass: Entering Name: 
2020-04-15 17:17:01,156 :INFO :utilis.BaseClass: Entering Name: 
2020-04-15 17:17:01,691 :INFO :utilis.BaseClass: Success message is ×
Success! The Form has been submitted successfully!.
2020-04-15 17:17:02,069 :INFO :utilis.BaseClass: Entering Name: 
2020-04-15 17:17:02,069 :INFO :utilis.BaseClass: Entering Name: 
2020-04-15 17:17:02,236 :INFO :utilis.BaseClass: Entering Name: 
2020-04-15 17:17:02,236 :INFO :utilis.BaseClass: Entering Name: 
2020-04-15 17:17:02,385 :INFO :utilis.BaseClass: Entering Name: 
2020-04-15 17:17:02,385 :INFO :utilis.BaseClass: Entering Name: 
2020-04-15 17:17:02,811 :INFO :utilis.BaseClass: Success message is ×
Success! The Form has been submitted successfully!.
2020-04-15 17:17:02,811 :INFO :utilis.BaseClass: Success message is ×
Success! The Form has been submitted successfully!.
2020-04-15 17:17:14,203 :INFO :utilis.BaseClass: iphone X
2020-04-15 17:17:14,203 :INFO :utilis.BaseClass: iphone X
2020-04-15 17:17:14,203 :INFO :utilis.BaseClass: iphone X
2020-04-15 17:17:14,489 :INFO :utilis.BaseClass: Checkout product :iphone X
2020-04-15 17:17:14,489 :INFO :utilis.BaseClass: Checkout product :iphone X
2020-04-15 17:17:14,489 :INFO :utilis.BaseClass: Checkout product :iphone X
2020-04-15 17:17:14,575 :INFO :utilis.BaseClass: Entering location as Ind
2020-04-15 17:17:14,575 :INFO :utilis.BaseClass: Entering location as Ind
2020-04-15 17:17:14,575 :INFO :utilis.BaseClass: Entering location as Ind
2020-04-15 17:19:26,118 :INFO :utilis.BaseClass: Entering Name: 
2020-04-15 17:19:26,302 :INFO :utilis.BaseClass: Entering Name: 
2020-04-15 17:19:26,415 :INFO :utilis.BaseClass: Entering Name: 
2020-04-15 17:19:26,859 :INFO :utilis.BaseClass: Success message is ×
Success! The Form has been submitted successfully!.
2020-04-15 17:19:27,066 :INFO :utilis.BaseClass: Entering Name: 
2020-04-15 17:19:27,066 :INFO :utilis.BaseClass: Entering Name: 
2020-04-15 17:19:27,266 :INFO :utilis.BaseClass: Entering Name: 
2020-04-15 17:19:27,266 :INFO :utilis.BaseClass: Entering Name: 
2020-04-15 17:19:27,394 :INFO :utilis.BaseClass: Entering Name: 
2020-04-15 17:19:27,394 :INFO :utilis.BaseClass: Entering Name: 
2020-04-15 17:19:27,788 :INFO :utilis.BaseClass: Success message is ×
Success! The Form has been submitted successfully!.
2020-04-15 17:19:27,788 :INFO :utilis.BaseClass: Success message is ×
Success! The Form has been submitted successfully!.
2020-04-15 17:19:43,083 :INFO :utilis.BaseClass: iphone X
2020-04-15 17:19:43,083 :INFO :utilis.BaseClass: iphone X
2020-04-15 17:19:43,083 :INFO :utilis.BaseClass: iphone X
2020-04-15 17:19:43,347 :INFO :utilis.BaseClass: Checkout product :iphone X
2020-04-15 17:19:43,347 :INFO :utilis.BaseClass: Checkout product :iphone X
2020-04-15 17:19:43,347 :INFO :utilis.BaseClass: Checkout product :iphone X
2020-04-15 17:19:43,419 :INFO :utilis.BaseClass: Entering location as Ind
2020-04-15 17:19:43,419 :INFO :utilis.BaseClass: Entering location as Ind
2020-04-15 17:19:43,419 :INFO :utilis.BaseClass: Entering location as Ind
2020-04-15 18:24:25,984 :INFO :utilis.BaseClass: Entering Name: 
2020-04-15 18:24:26,208 :INFO :utilis.BaseClass: Entering Name: 
2020-04-15 18:24:26,365 :INFO :utilis.BaseClass: Entering Name: 
2020-04-15 18:24:26,904 :INFO :utilis.BaseClass: Success message is ×
Success! The Form has been submitted successfully!.
2020-04-15 20:31:21,531 :INFO :utilis.BaseClass: Entering Name: 
2020-04-15 20:31:21,752 :INFO :utilis.BaseClass: Entering Name: 
2020-04-15 20:31:21,880 :INFO :utilis.BaseClass: Entering Name: 
2020-04-15 20:31:22,451 :INFO :utilis.BaseClass: Success message is ×
Success! The Form has been submitted successfully!.
2020-04-15 20:31:34,666 :INFO :utilis.BaseClass: iphone X
2020-04-15 20:31:34,666 :INFO :utilis.BaseClass: iphone X
2020-04-15 20:31:34,855 :INFO :utilis.BaseClass: Checkout product :iphone X
2020-04-15 20:31:34,855 :INFO :utilis.BaseClass: Checkout product :iphone X
2020-04-15 20:31:34,948 :INFO :utilis.BaseClass: Entering location as Ind
2020-04-15 20:31:34,948 :INFO :utilis.BaseClass: Entering location as Ind
2020-04-15 23:08:01,726 :INFO :utilis.BaseClass: Entering Name: 
2020-04-15 23:08:02,085 :INFO :utilis.BaseClass: Entering Name: 
2020-04-15 23:08:02,209 :INFO :utilis.BaseClass: Entering Name: 
2020-04-15 23:08:03,167 :INFO :utilis.BaseClass: Success message is ×
Success! The Form has been submitted successfully!.
2020-04-15 23:08:17,276 :INFO :utilis.BaseClass: iphone X
2020-04-15 23:08:17,276 :INFO :utilis.BaseClass: iphone X
2020-04-15 23:08:17,669 :INFO :utilis.BaseClass: Checkout product :iphone X
2020-04-15 23:08:17,669 :INFO :utilis.BaseClass: Checkout product :iphone X
2020-04-15 23:08:17,820 :INFO :utilis.BaseClass: Entering location as Ind
2020-04-15 23:08:17,820 :INFO :utilis.BaseClass: Entering location as Ind
2020-04-16 11:12:24,305 :INFO :utilis.BaseClass: Entering Name: 
2020-04-16 11:12:24,552 :INFO :utilis.BaseClass: Entering Name: 
2020-04-16 11:12:24,650 :INFO :utilis.BaseClass: Entering Name: 
2020-04-16 11:12:25,056 :INFO :utilis.BaseClass: Success message is ×
Success! The Form has been submitted successfully!.
2020-04-16 11:12:37,099 :INFO :utilis.BaseClass: iphone X
2020-04-16 11:12:37,099 :INFO :utilis.BaseClass: iphone X
2020-04-16 11:12:37,303 :INFO :utilis.BaseClass: Checkout product :iphone X
2020-04-16 11:12:37,303 :INFO :utilis.BaseClass: Checkout product :iphone X
2020-04-16 11:12:37,374 :INFO :utilis.BaseClass: Entering location as Ind
2020-04-16 11:12:37,374 :INFO :utilis.BaseClass: Entering location as Ind
2020-04-16 11:14:28,695 :INFO :utilis.BaseClass: Entering Name: 
2020-04-16 11:14:28,828 :INFO :utilis.BaseClass: Entering Name: 
2020-04-16 11:14:28,933 :INFO :utilis.BaseClass: Entering Name: 
2020-04-16 11:14:29,303 :INFO :utilis.BaseClass: Success message is ×
Success! The Form has been submitted successfully!.
2020-04-16 11:14:40,304 :INFO :utilis.BaseClass: iphone X
2020-04-16 11:14:40,304 :INFO :utilis.BaseClass: iphone X
2020-04-16 11:14:40,508 :INFO :utilis.BaseClass: Checkout product :iphone X
2020-04-16 11:14:40,508 :INFO :utilis.BaseClass: Checkout product :iphone X
2020-04-16 11:14:40,583 :INFO :utilis.BaseClass: Entering location as Ind
2020-04-16 11:14:40,583 :INFO :utilis.BaseClass: Entering location as Ind
2020-04-16 11:19:30,560 :INFO :utilis.BaseClass: Entering Name: 
2020-04-16 11:19:30,698 :INFO :utilis.BaseClass: Entering Name: 
2020-04-16 11:19:30,817 :INFO :utilis.BaseClass: Entering Name: 
2020-04-16 11:19:31,179 :INFO :utilis.BaseClass: Success message is ×
Success! The Form has been submitted successfully!.
2020-04-16 11:19:46,594 :INFO :utilis.BaseClass: iphone X
2020-04-16 11:19:46,594 :INFO :utilis.BaseClass: iphone X
2020-04-16 11:19:46,763 :INFO :utilis.BaseClass: Checkout product :iphone X
2020-04-16 11:19:46,763 :INFO :utilis.BaseClass: Checkout product :iphone X
2020-04-16 11:19:46,829 :INFO :utilis.BaseClass: Entering location as Ind
2020-04-16 11:19:46,829 :INFO :utilis.BaseClass: Entering location as Ind
